<?xml version="1.0" encoding="UTF-8"?>
<testsuite name="org.example.QueryStringsTest" tests="1" skipped="0" failures="0" errors="0" timestamp="2022-12-13T00:54:10" hostname="DESKTOP-M3GPKIV" time="0.071">
  <properties/>
  <testcase name="createTest()" classname="org.example.QueryStringsTest" time="0.071"/>
  <system-out><![CDATA[]]></system-out>
  <system-err><![CDATA[]]></system-err>
</testsuite>
